<?xml version="1.0" encoding="UTF-8"?>
<!-- Generated by org.testng.reporters.JUnitXMLReporter -->
<testsuite ignored="0" hostname="AKASH" failures="0" tests="4" name="Default test" time="53.298" errors="0" timestamp="2026-03-08T17:14:27 IST">
  <testcase classname="com.testNgFramework.Ebay" name="searchAnProduct" time="6.804"/>
  <testcase classname="com.testNgFramework.Ebay" name="searchAnProduct" time="5.693"/>
  <testcase classname="com.testNgFramework.Ebay" name="searchAnProduct" time="5.841"/>
  <testcase classname="com.testNgFramework.Ebay" name="searchAnProduct" time="6.033"/>
</testsuite> <!-- Default test -->
