<?xml version="1.0" encoding="UTF-8"?>
<!-- Generated by org.testng.reporters.JUnitXMLReporter -->
<testsuite ignored="0" hostname="AKASH" failures="0" tests="3" name="Chrome" time="13.595" errors="0" timestamp="2026-03-01T17:46:17 IST">
  <testcase classname="com.testNgFramework.Nykaa" name="bag" time="2.681"/>
  <testcase classname="com.testNgFramework.Nykaa" name="Search" time="5.252"/>
  <testcase classname="com.testNgFramework.Nykaa" name="category" time="6.885"/>
</testsuite> <!-- Chrome -->
