<?xml version="1.0" encoding="UTF-8"?>
<!-- Generated by org.testng.reporters.JUnitXMLReporter -->
<testsuite ignored="0" hostname="AKASH" failures="0" tests="3" name="firefox" time="6.005" errors="0" timestamp="2026-03-01T17:46:23 IST">
  <testcase classname="com.testNgFramework.Nykaa" name="category" time="0.0">
    <skipped/>
  </testcase> <!-- category -->
  <testcase classname="com.testNgFramework.Nykaa" name="bag" time="0.0">
    <skipped/>
  </testcase> <!-- bag -->
  <testcase classname="com.testNgFramework.Nykaa" name="Search" time="0.0">
    <skipped/>
  </testcase> <!-- Search -->
</testsuite> <!-- firefox -->
