<?xml version="1.0" encoding="UTF-8"?>
<!-- Generated by org.testng.reporters.JUnitReportReporter -->
<testsuite hostname="AKASH" failures="0" tests="4" name="com.testNgFramework.Ebay" time="53.258" errors="0" timestamp="2026-03-08T17:14:27 IST" skipped="0">
  <testcase classname="com.testNgFramework.Ebay" name="searchAnProduct" time="14.178"/>
  <testcase classname="com.testNgFramework.Ebay" name="searchAnProduct" time="14.461"/>
  <testcase classname="com.testNgFramework.Ebay" name="searchAnProduct" time="12.162"/>
  <testcase classname="com.testNgFramework.Ebay" name="searchAnProduct" time="12.457"/>
</testsuite> <!-- com.testNgFramework.Ebay -->
