<?xml version="1.0" encoding="UTF-8"?>
<!-- Generated by org.testng.reporters.JUnitReportReporter -->
<testsuite hostname="AKASH" failures="0" tests="3" name="com.testNgFramework.AnnotationDemo" time="0.028" errors="0" timestamp="2026-02-22T15:34:33 IST" skipped="0">
  <testcase classname="com.testNgFramework.AnnotationDemo" name="cond2" time="0.002"/>
  <testcase classname="com.testNgFramework.AnnotationDemo" name="cond1" time="0.023"/>
  <testcase classname="com.testNgFramework.AnnotationDemo" name="cond3" time="0.003"/>
</testsuite> <!-- com.testNgFramework.AnnotationDemo -->
